<?xml version="1.0" encoding="UTF-8"?>
<testsuite xmlns:xsi="http://www.w3.org/2001/XMLSchema-instance" xsi:noNamespaceSchemaLocation="https://maven.apache.org/surefire/maven-surefire-plugin/xsd/surefire-test-report.xsd" name="com.imoving.UI.runners.SmokeRunner" time="61.325" tests="1" errors="0" skipped="0" failures="1">
  <properties>
    <property name="java.specification.version" value="17"/>
    <property name="sun.jnu.encoding" value="UTF-8"/>
    <property name="java.class.path" value="/Users/admin/IdeaProjects/IMOVING/target/test-classes:/Users/admin/IdeaProjects/IMOVING/target/classes:/Users/admin/.m2/repository/io/cucumber/cucumber-java/7.2.2/cucumber-java-7.2.2.jar:/Users/admin/.m2/repository/io/cucumber/cucumber-core/7.2.2/cucumber-core-7.2.2.jar:/Users/admin/.m2/repository/io/cucumber/cucumber-gherkin/7.2.2/cucumber-gherkin-7.2.2.jar:/Users/admin/.m2/repository/io/cucumber/cucumber-gherkin-messages/7.2.2/cucumber-gherkin-messages-7.2.2.jar:/Users/admin/.m2/repository/io/cucumber/messages/17.1.1/messages-17.1.1.jar:/Users/admin/.m2/repository/io/cucumber/tag-expressions/4.1.0/tag-expressions-4.1.0.jar:/Users/admin/.m2/repository/io/cucumber/cucumber-expressions/15.0.1/cucumber-expressions-15.0.1.jar:/Users/admin/.m2/repository/io/cucumber/datatable/7.2.2/datatable-7.2.2.jar:/Users/admin/.m2/repository/io/cucumber/cucumber-plugin/7.2.2/cucumber-plugin-7.2.2.jar:/Users/admin/.m2/repository/io/cucumber/docstring/7.2.2/docstring-7.2.2.jar:/Users/admin/.m2/repository/io/cucumber/html-formatter/17.0.0/html-formatter-17.0.0.jar:/Users/admin/.m2/repository/io/cucumber/ci-environment/8.1.0/ci-environment-8.1.0.jar:/Users/admin/.m2/repository/org/apiguardian/apiguardian-api/1.1.2/apiguardian-api-1.1.2.jar:/Users/admin/.m2/repository/io/cucumber/cucumber-junit/7.2.2/cucumber-junit-7.2.2.jar:/Users/admin/.m2/repository/junit/junit/4.13.2/junit-4.13.2.jar:/Users/admin/.m2/repository/org/hamcrest/hamcrest-core/1.3/hamcrest-core-1.3.jar:/Users/admin/.m2/repository/org/junit/jupiter/junit-jupiter-api/5.8.2/junit-jupiter-api-5.8.2.jar:/Users/admin/.m2/repository/org/opentest4j/opentest4j/1.2.0/opentest4j-1.2.0.jar:/Users/admin/.m2/repository/org/junit/platform/junit-platform-commons/1.8.2/junit-platform-commons-1.8.2.jar:/Users/admin/.m2/repository/org/seleniumhq/selenium/selenium-java/4.1.1/selenium-java-4.1.1.jar:/Users/admin/.m2/repository/org/seleniumhq/selenium/selenium-api/4.1.1/selenium-api-4.1.1.jar:/Users/admin/.m2/repository/org/seleniumhq/selenium/selenium-chrome-driver/4.1.1/selenium-chrome-driver-4.1.1.jar:/Users/admin/.m2/repository/com/google/auto/service/auto-service-annotations/1.0.1/auto-service-annotations-1.0.1.jar:/Users/admin/.m2/repository/com/google/auto/service/auto-service/1.0.1/auto-service-1.0.1.jar:/Users/admin/.m2/repository/com/google/auto/auto-common/1.2/auto-common-1.2.jar:/Users/admin/.m2/repository/org/seleniumhq/selenium/selenium-chromium-driver/4.1.1/selenium-chromium-driver-4.1.1.jar:/Users/admin/.m2/repository/org/seleniumhq/selenium/selenium-json/4.1.1/selenium-json-4.1.1.jar:/Users/admin/.m2/repository/org/seleniumhq/selenium/selenium-devtools-v85/4.1.1/selenium-devtools-v85-4.1.1.jar:/Users/admin/.m2/repository/org/seleniumhq/selenium/selenium-devtools-v94/4.1.1/selenium-devtools-v94-4.1.1.jar:/Users/admin/.m2/repository/org/seleniumhq/selenium/selenium-devtools-v95/4.1.1/selenium-devtools-v95-4.1.1.jar:/Users/admin/.m2/repository/org/seleniumhq/selenium/selenium-devtools-v96/4.1.1/selenium-devtools-v96-4.1.1.jar:/Users/admin/.m2/repository/org/seleniumhq/selenium/selenium-edge-driver/4.1.1/selenium-edge-driver-4.1.1.jar:/Users/admin/.m2/repository/org/seleniumhq/selenium/selenium-firefox-driver/4.1.1/selenium-firefox-driver-4.1.1.jar:/Users/admin/.m2/repository/org/seleniumhq/selenium/selenium-firefox-xpi-driver/4.1.1/selenium-firefox-xpi-driver-4.1.1.jar:/Users/admin/.m2/repository/org/seleniumhq/selenium/selenium-ie-driver/4.1.1/selenium-ie-driver-4.1.1.jar:/Users/admin/.m2/repository/org/seleniumhq/selenium/selenium-opera-driver/4.1.1/selenium-opera-driver-4.1.1.jar:/Users/admin/.m2/repository/org/seleniumhq/selenium/selenium-remote-driver/4.1.1/selenium-remote-driver-4.1.1.jar:/Users/admin/.m2/repository/com/beust/jcommander/1.81/jcommander-1.81.jar:/Users/admin/.m2/repository/io/netty/netty-buffer/4.1.70.Final/netty-buffer-4.1.70.Final.jar:/Users/admin/.m2/repository/io/netty/netty-codec-http/4.1.70.Final/netty-codec-http-4.1.70.Final.jar:/Users/admin/.m2/repository/io/netty/netty-codec/4.1.70.Final/netty-codec-4.1.70.Final.jar:/Users/admin/.m2/repository/io/netty/netty-handler/4.1.70.Final/netty-handler-4.1.70.Final.jar:/Users/admin/.m2/repository/io/netty/netty-common/4.1.70.Final/netty-common-4.1.70.Final.jar:/Users/admin/.m2/repository/io/netty/netty-transport-classes-epoll/4.1.70.Final/netty-transport-classes-epoll-4.1.70.Final.jar:/Users/admin/.m2/repository/io/netty/netty-transport-classes-kqueue/4.1.70.Final/netty-transport-classes-kqueue-4.1.70.Final.jar:/Users/admin/.m2/repository/io/netty/netty-transport-native-unix-common/4.1.70.Final/netty-transport-native-unix-common-4.1.70.Final.jar:/Users/admin/.m2/repository/io/netty/netty-transport/4.1.70.Final/netty-transport-4.1.70.Final.jar:/Users/admin/.m2/repository/io/netty/netty-resolver/4.1.70.Final/netty-resolver-4.1.70.Final.jar:/Users/admin/.m2/repository/io/opentelemetry/opentelemetry-api/1.9.1/opentelemetry-api-1.9.1.jar:/Users/admin/.m2/repository/io/opentelemetry/opentelemetry-context/1.9.1/opentelemetry-context-1.9.1.jar:/Users/admin/.m2/repository/io/opentelemetry/opentelemetry-exporter-logging/1.9.1/opentelemetry-exporter-logging-1.9.1.jar:/Users/admin/.m2/repository/io/opentelemetry/opentelemetry-sdk-metrics/1.9.1-alpha/opentelemetry-sdk-metrics-1.9.1-alpha.jar:/Users/admin/.m2/repository/io/opentelemetry/opentelemetry-sdk-logs/1.9.1-alpha/opentelemetry-sdk-logs-1.9.1-alpha.jar:/Users/admin/.m2/repository/io/opentelemetry/opentelemetry-sdk-common/1.9.1/opentelemetry-sdk-common-1.9.1.jar:/Users/admin/.m2/repository/io/opentelemetry/opentelemetry-sdk-extension-autoconfigure-spi/1.9.1/opentelemetry-sdk-extension-autoconfigure-spi-1.9.1.jar:/Users/admin/.m2/repository/io/opentelemetry/opentelemetry-sdk-extension-autoconfigure/1.9.1-alpha/opentelemetry-sdk-extension-autoconfigure-1.9.1-alpha.jar:/Users/admin/.m2/repository/io/opentelemetry/opentelemetry-sdk-trace/1.9.1/opentelemetry-sdk-trace-1.9.1.jar:/Users/admin/.m2/repository/io/opentelemetry/opentelemetry-api-metrics/1.9.1-alpha/opentelemetry-api-metrics-1.9.1-alpha.jar:/Users/admin/.m2/repository/io/opentelemetry/opentelemetry-sdk/1.9.1/opentelemetry-sdk-1.9.1.jar:/Users/admin/.m2/repository/io/opentelemetry/opentelemetry-semconv/1.9.1-alpha/opentelemetry-semconv-1.9.1-alpha.jar:/Users/admin/.m2/repository/io/ous/jtoml/2.0.0/jtoml-2.0.0.jar:/Users/admin/.m2/repository/net/bytebuddy/byte-buddy/1.12.2/byte-buddy-1.12.2.jar:/Users/admin/.m2/repository/org/apache/commons/commons-exec/1.3/commons-exec-1.3.jar:/Users/admin/.m2/repository/org/asynchttpclient/async-http-client/2.12.3/async-http-client-2.12.3.jar:/Users/admin/.m2/repository/org/asynchttpclient/async-http-client-netty-utils/2.12.3/async-http-client-netty-utils-2.12.3.jar:/Users/admin/.m2/repository/io/netty/netty-codec-socks/4.1.60.Final/netty-codec-socks-4.1.60.Final.jar:/Users/admin/.m2/repository/io/netty/netty-handler-proxy/4.1.60.Final/netty-handler-proxy-4.1.60.Final.jar:/Users/admin/.m2/repository/io/netty/netty-transport-native-epoll/4.1.60.Final/netty-transport-native-epoll-4.1.60.Final-linux-x86_64.jar:/Users/admin/.m2/repository/io/netty/netty-transport-native-kqueue/4.1.60.Final/netty-transport-native-kqueue-4.1.60.Final-osx-x86_64.jar:/Users/admin/.m2/repository/org/reactivestreams/reactive-streams/1.0.3/reactive-streams-1.0.3.jar:/Users/admin/.m2/repository/com/typesafe/netty/netty-reactive-streams/2.0.4/netty-reactive-streams-2.0.4.jar:/Users/admin/.m2/repository/com/sun/activation/jakarta.activation/1.2.2/jakarta.activation-1.2.2.jar:/Users/admin/.m2/repository/org/seleniumhq/selenium/selenium-http/4.1.1/selenium-http-4.1.1.jar:/Users/admin/.m2/repository/net/jodah/failsafe/2.4.4/failsafe-2.4.4.jar:/Users/admin/.m2/repository/org/seleniumhq/selenium/selenium-safari-driver/4.1.1/selenium-safari-driver-4.1.1.jar:/Users/admin/.m2/repository/org/seleniumhq/selenium/selenium-support/4.1.1/selenium-support-4.1.1.jar:/Users/admin/.m2/repository/io/github/bonigarcia/webdrivermanager/5.0.2/webdrivermanager-5.0.2.jar:/Users/admin/.m2/repository/org/slf4j/slf4j-api/1.7.32/slf4j-api-1.7.32.jar:/Users/admin/.m2/repository/com/google/code/gson/gson/2.8.8/gson-2.8.8.jar:/Users/admin/.m2/repository/org/jsoup/jsoup/1.14.2/jsoup-1.14.2.jar:/Users/admin/.m2/repository/com/github/docker-java/docker-java/3.2.11/docker-java-3.2.11.jar:/Users/admin/.m2/repository/com/github/docker-java/docker-java-core/3.2.11/docker-java-core-3.2.11.jar:/Users/admin/.m2/repository/com/github/docker-java/docker-java-api/3.2.11/docker-java-api-3.2.11.jar:/Users/admin/.m2/repository/com/fasterxml/jackson/core/jackson-annotations/2.10.3/jackson-annotations-2.10.3.jar:/Users/admin/.m2/repository/commons-io/commons-io/2.6/commons-io-2.6.jar:/Users/admin/.m2/repository/org/apache/commons/commons-compress/1.20/commons-compress-1.20.jar:/Users/admin/.m2/repository/commons-lang/commons-lang/2.6/commons-lang-2.6.jar:/Users/admin/.m2/repository/com/fasterxml/jackson/core/jackson-databind/2.10.3/jackson-databind-2.10.3.jar:/Users/admin/.m2/repository/com/fasterxml/jackson/core/jackson-core/2.10.3/jackson-core-2.10.3.jar:/Users/admin/.m2/repository/org/bouncycastle/bcpkix-jdk15on/1.64/bcpkix-jdk15on-1.64.jar:/Users/admin/.m2/repository/org/bouncycastle/bcprov-jdk15on/1.64/bcprov-jdk15on-1.64.jar:/Users/admin/.m2/repository/org/slf4j/jcl-over-slf4j/1.7.30/jcl-over-slf4j-1.7.30.jar:/Users/admin/.m2/repository/com/github/docker-java/docker-java-transport-httpclient5/3.2.11/docker-java-transport-httpclient5-3.2.11.jar:/Users/admin/.m2/repository/com/github/docker-java/docker-java-transport/3.2.11/docker-java-transport-3.2.11.jar:/Users/admin/.m2/repository/org/apache/httpcomponents/client5/httpclient5/5.0.3/httpclient5-5.0.3.jar:/Users/admin/.m2/repository/org/apache/httpcomponents/core5/httpcore5/5.0.2/httpcore5-5.0.2.jar:/Users/admin/.m2/repository/commons-codec/commons-codec/1.13/commons-codec-1.13.jar:/Users/admin/.m2/repository/net/java/dev/jna/jna/5.8.0/jna-5.8.0.jar:/Users/admin/.m2/repository/com/google/guava/guava/30.1.1-jre/guava-30.1.1-jre.jar:/Users/admin/.m2/repository/com/google/guava/failureaccess/1.0.1/failureaccess-1.0.1.jar:/Users/admin/.m2/repository/com/google/guava/listenablefuture/9999.0-empty-to-avoid-conflict-with-guava/listenablefuture-9999.0-empty-to-avoid-conflict-with-guava.jar:/Users/admin/.m2/repository/com/google/code/findbugs/jsr305/3.0.2/jsr305-3.0.2.jar:/Users/admin/.m2/repository/org/checkerframework/checker-qual/3.8.0/checker-qual-3.8.0.jar:/Users/admin/.m2/repository/com/google/errorprone/error_prone_annotations/2.5.1/error_prone_annotations-2.5.1.jar:/Users/admin/.m2/repository/com/google/j2objc/j2objc-annotations/1.3/j2objc-annotations-1.3.jar:/Users/admin/.m2/repository/org/brotli/dec/0.1.2/dec-0.1.2.jar:/Users/admin/.m2/repository/io/cucumber/cucumber-picocontainer/7.2.2/cucumber-picocontainer-7.2.2.jar:/Users/admin/.m2/repository/org/picocontainer/picocontainer/2.15/picocontainer-2.15.jar:/Users/admin/.m2/repository/org/apache/logging/log4j/log4j-api/2.17.0/log4j-api-2.17.0.jar:/Users/admin/.m2/repository/org/apache/logging/log4j/log4j-core/2.17.0/log4j-core-2.17.0.jar:/Users/admin/.m2/repository/org/assertj/assertj-core/3.22.0/assertj-core-3.22.0.jar:/Users/admin/.m2/repository/org/projectlombok/lombok/1.18.22/lombok-1.18.22.jar:/Users/admin/.m2/repository/com/github/javafaker/javafaker/1.0.2/javafaker-1.0.2.jar:/Users/admin/.m2/repository/org/apache/commons/commons-lang3/3.5/commons-lang3-3.5.jar:/Users/admin/.m2/repository/org/yaml/snakeyaml/1.23/snakeyaml-1.23-android.jar:/Users/admin/.m2/repository/com/github/mifmif/generex/1.0.2/generex-1.0.2.jar:/Users/admin/.m2/repository/dk/brics/automaton/automaton/1.11-8/automaton-1.11-8.jar:"/>
    <property name="java.vm.vendor" value="Homebrew"/>
    <property name="sun.arch.data.model" value="64"/>
    <property name="java.vendor.url" value="https://github.com/Homebrew/homebrew-core/issues"/>
    <property name="os.name" value="Mac OS X"/>
    <property name="java.vm.specification.version" value="17"/>
    <property name="sun.java.launcher" value="SUN_STANDARD"/>
    <property name="user.country" value="KG"/>
    <property name="sun.boot.library.path" value="/usr/local/Cellar/openjdk/17.0.2/libexec/openjdk.jdk/Contents/Home/lib"/>
    <property name="sun.java.command" value="/Users/admin/IdeaProjects/IMOVING/target/surefire/surefirebooter5881587313379200326.jar /Users/admin/IdeaProjects/IMOVING/target/surefire 2022-03-21T12-54-53_953-jvmRun1 surefire3865405966800579009tmp surefire_06830851625740145773tmp"/>
    <property name="http.nonProxyHosts" value="local|*.local|169.254/16|*.169.254/16"/>
    <property name="jdk.debug" value="release"/>
    <property name="surefire.test.class.path" value="/Users/admin/IdeaProjects/IMOVING/target/test-classes:/Users/admin/IdeaProjects/IMOVING/target/classes:/Users/admin/.m2/repository/io/cucumber/cucumber-java/7.2.2/cucumber-java-7.2.2.jar:/Users/admin/.m2/repository/io/cucumber/cucumber-core/7.2.2/cucumber-core-7.2.2.jar:/Users/admin/.m2/repository/io/cucumber/cucumber-gherkin/7.2.2/cucumber-gherkin-7.2.2.jar:/Users/admin/.m2/repository/io/cucumber/cucumber-gherkin-messages/7.2.2/cucumber-gherkin-messages-7.2.2.jar:/Users/admin/.m2/repository/io/cucumber/messages/17.1.1/messages-17.1.1.jar:/Users/admin/.m2/repository/io/cucumber/tag-expressions/4.1.0/tag-expressions-4.1.0.jar:/Users/admin/.m2/repository/io/cucumber/cucumber-expressions/15.0.1/cucumber-expressions-15.0.1.jar:/Users/admin/.m2/repository/io/cucumber/datatable/7.2.2/datatable-7.2.2.jar:/Users/admin/.m2/repository/io/cucumber/cucumber-plugin/7.2.2/cucumber-plugin-7.2.2.jar:/Users/admin/.m2/repository/io/cucumber/docstring/7.2.2/docstring-7.2.2.jar:/Users/admin/.m2/repository/io/cucumber/html-formatter/17.0.0/html-formatter-17.0.0.jar:/Users/admin/.m2/repository/io/cucumber/ci-environment/8.1.0/ci-environment-8.1.0.jar:/Users/admin/.m2/repository/org/apiguardian/apiguardian-api/1.1.2/apiguardian-api-1.1.2.jar:/Users/admin/.m2/repository/io/cucumber/cucumber-junit/7.2.2/cucumber-junit-7.2.2.jar:/Users/admin/.m2/repository/junit/junit/4.13.2/junit-4.13.2.jar:/Users/admin/.m2/repository/org/hamcrest/hamcrest-core/1.3/hamcrest-core-1.3.jar:/Users/admin/.m2/repository/org/junit/jupiter/junit-jupiter-api/5.8.2/junit-jupiter-api-5.8.2.jar:/Users/admin/.m2/repository/org/opentest4j/opentest4j/1.2.0/opentest4j-1.2.0.jar:/Users/admin/.m2/repository/org/junit/platform/junit-platform-commons/1.8.2/junit-platform-commons-1.8.2.jar:/Users/admin/.m2/repository/org/seleniumhq/selenium/selenium-java/4.1.1/selenium-java-4.1.1.jar:/Users/admin/.m2/repository/org/seleniumhq/selenium/selenium-api/4.1.1/selenium-api-4.1.1.jar:/Users/admin/.m2/repository/org/seleniumhq/selenium/selenium-chrome-driver/4.1.1/selenium-chrome-driver-4.1.1.jar:/Users/admin/.m2/repository/com/google/auto/service/auto-service-annotations/1.0.1/auto-service-annotations-1.0.1.jar:/Users/admin/.m2/repository/com/google/auto/service/auto-service/1.0.1/auto-service-1.0.1.jar:/Users/admin/.m2/repository/com/google/auto/auto-common/1.2/auto-common-1.2.jar:/Users/admin/.m2/repository/org/seleniumhq/selenium/selenium-chromium-driver/4.1.1/selenium-chromium-driver-4.1.1.jar:/Users/admin/.m2/repository/org/seleniumhq/selenium/selenium-json/4.1.1/selenium-json-4.1.1.jar:/Users/admin/.m2/repository/org/seleniumhq/selenium/selenium-devtools-v85/4.1.1/selenium-devtools-v85-4.1.1.jar:/Users/admin/.m2/repository/org/seleniumhq/selenium/selenium-devtools-v94/4.1.1/selenium-devtools-v94-4.1.1.jar:/Users/admin/.m2/repository/org/seleniumhq/selenium/selenium-devtools-v95/4.1.1/selenium-devtools-v95-4.1.1.jar:/Users/admin/.m2/repository/org/seleniumhq/selenium/selenium-devtools-v96/4.1.1/selenium-devtools-v96-4.1.1.jar:/Users/admin/.m2/repository/org/seleniumhq/selenium/selenium-edge-driver/4.1.1/selenium-edge-driver-4.1.1.jar:/Users/admin/.m2/repository/org/seleniumhq/selenium/selenium-firefox-driver/4.1.1/selenium-firefox-driver-4.1.1.jar:/Users/admin/.m2/repository/org/seleniumhq/selenium/selenium-firefox-xpi-driver/4.1.1/selenium-firefox-xpi-driver-4.1.1.jar:/Users/admin/.m2/repository/org/seleniumhq/selenium/selenium-ie-driver/4.1.1/selenium-ie-driver-4.1.1.jar:/Users/admin/.m2/repository/org/seleniumhq/selenium/selenium-opera-driver/4.1.1/selenium-opera-driver-4.1.1.jar:/Users/admin/.m2/repository/org/seleniumhq/selenium/selenium-remote-driver/4.1.1/selenium-remote-driver-4.1.1.jar:/Users/admin/.m2/repository/com/beust/jcommander/1.81/jcommander-1.81.jar:/Users/admin/.m2/repository/io/netty/netty-buffer/4.1.70.Final/netty-buffer-4.1.70.Final.jar:/Users/admin/.m2/repository/io/netty/netty-codec-http/4.1.70.Final/netty-codec-http-4.1.70.Final.jar:/Users/admin/.m2/repository/io/netty/netty-codec/4.1.70.Final/netty-codec-4.1.70.Final.jar:/Users/admin/.m2/repository/io/netty/netty-handler/4.1.70.Final/netty-handler-4.1.70.Final.jar:/Users/admin/.m2/repository/io/netty/netty-common/4.1.70.Final/netty-common-4.1.70.Final.jar:/Users/admin/.m2/repository/io/netty/netty-transport-classes-epoll/4.1.70.Final/netty-transport-classes-epoll-4.1.70.Final.jar:/Users/admin/.m2/repository/io/netty/netty-transport-classes-kqueue/4.1.70.Final/netty-transport-classes-kqueue-4.1.70.Final.jar:/Users/admin/.m2/repository/io/netty/netty-transport-native-unix-common/4.1.70.Final/netty-transport-native-unix-common-4.1.70.Final.jar:/Users/admin/.m2/repository/io/netty/netty-transport/4.1.70.Final/netty-transport-4.1.70.Final.jar:/Users/admin/.m2/repository/io/netty/netty-resolver/4.1.70.Final/netty-resolver-4.1.70.Final.jar:/Users/admin/.m2/repository/io/opentelemetry/opentelemetry-api/1.9.1/opentelemetry-api-1.9.1.jar:/Users/admin/.m2/repository/io/opentelemetry/opentelemetry-context/1.9.1/opentelemetry-context-1.9.1.jar:/Users/admin/.m2/repository/io/opentelemetry/opentelemetry-exporter-logging/1.9.1/opentelemetry-exporter-logging-1.9.1.jar:/Users/admin/.m2/repository/io/opentelemetry/opentelemetry-sdk-metrics/1.9.1-alpha/opentelemetry-sdk-metrics-1.9.1-alpha.jar:/Users/admin/.m2/repository/io/opentelemetry/opentelemetry-sdk-logs/1.9.1-alpha/opentelemetry-sdk-logs-1.9.1-alpha.jar:/Users/admin/.m2/repository/io/opentelemetry/opentelemetry-sdk-common/1.9.1/opentelemetry-sdk-common-1.9.1.jar:/Users/admin/.m2/repository/io/opentelemetry/opentelemetry-sdk-extension-autoconfigure-spi/1.9.1/opentelemetry-sdk-extension-autoconfigure-spi-1.9.1.jar:/Users/admin/.m2/repository/io/opentelemetry/opentelemetry-sdk-extension-autoconfigure/1.9.1-alpha/opentelemetry-sdk-extension-autoconfigure-1.9.1-alpha.jar:/Users/admin/.m2/repository/io/opentelemetry/opentelemetry-sdk-trace/1.9.1/opentelemetry-sdk-trace-1.9.1.jar:/Users/admin/.m2/repository/io/opentelemetry/opentelemetry-api-metrics/1.9.1-alpha/opentelemetry-api-metrics-1.9.1-alpha.jar:/Users/admin/.m2/repository/io/opentelemetry/opentelemetry-sdk/1.9.1/opentelemetry-sdk-1.9.1.jar:/Users/admin/.m2/repository/io/opentelemetry/opentelemetry-semconv/1.9.1-alpha/opentelemetry-semconv-1.9.1-alpha.jar:/Users/admin/.m2/repository/io/ous/jtoml/2.0.0/jtoml-2.0.0.jar:/Users/admin/.m2/repository/net/bytebuddy/byte-buddy/1.12.2/byte-buddy-1.12.2.jar:/Users/admin/.m2/repository/org/apache/commons/commons-exec/1.3/commons-exec-1.3.jar:/Users/admin/.m2/repository/org/asynchttpclient/async-http-client/2.12.3/async-http-client-2.12.3.jar:/Users/admin/.m2/repository/org/asynchttpclient/async-http-client-netty-utils/2.12.3/async-http-client-netty-utils-2.12.3.jar:/Users/admin/.m2/repository/io/netty/netty-codec-socks/4.1.60.Final/netty-codec-socks-4.1.60.Final.jar:/Users/admin/.m2/repository/io/netty/netty-handler-proxy/4.1.60.Final/netty-handler-proxy-4.1.60.Final.jar:/Users/admin/.m2/repository/io/netty/netty-transport-native-epoll/4.1.60.Final/netty-transport-native-epoll-4.1.60.Final-linux-x86_64.jar:/Users/admin/.m2/repository/io/netty/netty-transport-native-kqueue/4.1.60.Final/netty-transport-native-kqueue-4.1.60.Final-osx-x86_64.jar:/Users/admin/.m2/repository/org/reactivestreams/reactive-streams/1.0.3/reactive-streams-1.0.3.jar:/Users/admin/.m2/repository/com/typesafe/netty/netty-reactive-streams/2.0.4/netty-reactive-streams-2.0.4.jar:/Users/admin/.m2/repository/com/sun/activation/jakarta.activation/1.2.2/jakarta.activation-1.2.2.jar:/Users/admin/.m2/repository/org/seleniumhq/selenium/selenium-http/4.1.1/selenium-http-4.1.1.jar:/Users/admin/.m2/repository/net/jodah/failsafe/2.4.4/failsafe-2.4.4.jar:/Users/admin/.m2/repository/org/seleniumhq/selenium/selenium-safari-driver/4.1.1/selenium-safari-driver-4.1.1.jar:/Users/admin/.m2/repository/org/seleniumhq/selenium/selenium-support/4.1.1/selenium-support-4.1.1.jar:/Users/admin/.m2/repository/io/github/bonigarcia/webdrivermanager/5.0.2/webdrivermanager-5.0.2.jar:/Users/admin/.m2/repository/org/slf4j/slf4j-api/1.7.32/slf4j-api-1.7.32.jar:/Users/admin/.m2/repository/com/google/code/gson/gson/2.8.8/gson-2.8.8.jar:/Users/admin/.m2/repository/org/jsoup/jsoup/1.14.2/jsoup-1.14.2.jar:/Users/admin/.m2/repository/com/github/docker-java/docker-java/3.2.11/docker-java-3.2.11.jar:/Users/admin/.m2/repository/com/github/docker-java/docker-java-core/3.2.11/docker-java-core-3.2.11.jar:/Users/admin/.m2/repository/com/github/docker-java/docker-java-api/3.2.11/docker-java-api-3.2.11.jar:/Users/admin/.m2/repository/com/fasterxml/jackson/core/jackson-annotations/2.10.3/jackson-annotations-2.10.3.jar:/Users/admin/.m2/repository/commons-io/commons-io/2.6/commons-io-2.6.jar:/Users/admin/.m2/repository/org/apache/commons/commons-compress/1.20/commons-compress-1.20.jar:/Users/admin/.m2/repository/commons-lang/commons-lang/2.6/commons-lang-2.6.jar:/Users/admin/.m2/repository/com/fasterxml/jackson/core/jackson-databind/2.10.3/jackson-databind-2.10.3.jar:/Users/admin/.m2/repository/com/fasterxml/jackson/core/jackson-core/2.10.3/jackson-core-2.10.3.jar:/Users/admin/.m2/repository/org/bouncycastle/bcpkix-jdk15on/1.64/bcpkix-jdk15on-1.64.jar:/Users/admin/.m2/repository/org/bouncycastle/bcprov-jdk15on/1.64/bcprov-jdk15on-1.64.jar:/Users/admin/.m2/repository/org/slf4j/jcl-over-slf4j/1.7.30/jcl-over-slf4j-1.7.30.jar:/Users/admin/.m2/repository/com/github/docker-java/docker-java-transport-httpclient5/3.2.11/docker-java-transport-httpclient5-3.2.11.jar:/Users/admin/.m2/repository/com/github/docker-java/docker-java-transport/3.2.11/docker-java-transport-3.2.11.jar:/Users/admin/.m2/repository/org/apache/httpcomponents/client5/httpclient5/5.0.3/httpclient5-5.0.3.jar:/Users/admin/.m2/repository/org/apache/httpcomponents/core5/httpcore5/5.0.2/httpcore5-5.0.2.jar:/Users/admin/.m2/repository/commons-codec/commons-codec/1.13/commons-codec-1.13.jar:/Users/admin/.m2/repository/net/java/dev/jna/jna/5.8.0/jna-5.8.0.jar:/Users/admin/.m2/repository/com/google/guava/guava/30.1.1-jre/guava-30.1.1-jre.jar:/Users/admin/.m2/repository/com/google/guava/failureaccess/1.0.1/failureaccess-1.0.1.jar:/Users/admin/.m2/repository/com/google/guava/listenablefuture/9999.0-empty-to-avoid-conflict-with-guava/listenablefuture-9999.0-empty-to-avoid-conflict-with-guava.jar:/Users/admin/.m2/repository/com/google/code/findbugs/jsr305/3.0.2/jsr305-3.0.2.jar:/Users/admin/.m2/repository/org/checkerframework/checker-qual/3.8.0/checker-qual-3.8.0.jar:/Users/admin/.m2/repository/com/google/errorprone/error_prone_annotations/2.5.1/error_prone_annotations-2.5.1.jar:/Users/admin/.m2/repository/com/google/j2objc/j2objc-annotations/1.3/j2objc-annotations-1.3.jar:/Users/admin/.m2/repository/org/brotli/dec/0.1.2/dec-0.1.2.jar:/Users/admin/.m2/repository/io/cucumber/cucumber-picocontainer/7.2.2/cucumber-picocontainer-7.2.2.jar:/Users/admin/.m2/repository/org/picocontainer/picocontainer/2.15/picocontainer-2.15.jar:/Users/admin/.m2/repository/org/apache/logging/log4j/log4j-api/2.17.0/log4j-api-2.17.0.jar:/Users/admin/.m2/repository/org/apache/logging/log4j/log4j-core/2.17.0/log4j-core-2.17.0.jar:/Users/admin/.m2/repository/org/assertj/assertj-core/3.22.0/assertj-core-3.22.0.jar:/Users/admin/.m2/repository/org/projectlombok/lombok/1.18.22/lombok-1.18.22.jar:/Users/admin/.m2/repository/com/github/javafaker/javafaker/1.0.2/javafaker-1.0.2.jar:/Users/admin/.m2/repository/org/apache/commons/commons-lang3/3.5/commons-lang3-3.5.jar:/Users/admin/.m2/repository/org/yaml/snakeyaml/1.23/snakeyaml-1.23-android.jar:/Users/admin/.m2/repository/com/github/mifmif/generex/1.0.2/generex-1.0.2.jar:/Users/admin/.m2/repository/dk/brics/automaton/automaton/1.11-8/automaton-1.11-8.jar:"/>
    <property name="sun.cpu.endian" value="little"/>
    <property name="user.home" value="/Users/admin"/>
    <property name="user.language" value="ru"/>
    <property name="java.specification.vendor" value="Oracle Corporation"/>
    <property name="java.version.date" value="2022-01-18"/>
    <property name="java.home" value="/usr/local/Cellar/openjdk/17.0.2/libexec/openjdk.jdk/Contents/Home"/>
    <property name="file.separator" value="/"/>
    <property name="basedir" value="/Users/admin/IdeaProjects/IMOVING"/>
    <property name="java.vm.compressedOopsMode" value="Zero based"/>
    <property name="line.separator" value="&#10;"/>
    <property name="java.vm.specification.vendor" value="Oracle Corporation"/>
    <property name="java.specification.name" value="Java Platform API Specification"/>
    <property name="surefire.real.class.path" value="/Users/admin/IdeaProjects/IMOVING/target/surefire/surefirebooter5881587313379200326.jar"/>
    <property name="sun.management.compiler" value="HotSpot 64-Bit Tiered Compilers"/>
    <property name="ftp.nonProxyHosts" value="local|*.local|169.254/16|*.169.254/16"/>
    <property name="java.runtime.version" value="17.0.2+0"/>
    <property name="user.name" value="admin"/>
    <property name="path.separator" value=":"/>
    <property name="os.version" value="12.2.1"/>
    <property name="java.runtime.name" value="OpenJDK Runtime Environment"/>
    <property name="file.encoding" value="US-ASCII"/>
    <property name="java.vm.name" value="OpenJDK 64-Bit Server VM"/>
    <property name="java.vendor.version" value="Homebrew"/>
    <property name="localRepository" value="/Users/admin/.m2/repository"/>
    <property name="cucumber.options" value=" --tags @Smoke"/>
    <property name="java.vendor.url.bug" value="https://github.com/Homebrew/homebrew-core/issues"/>
    <property name="java.io.tmpdir" value="/var/folders/v_/058my94j0dg_vzzsfn58j4nr0000gn/T/"/>
    <property name="java.version" value="17.0.2"/>
    <property name="user.dir" value="/Users/admin/IdeaProjects/IMOVING"/>
    <property name="os.arch" value="x86_64"/>
    <property name="java.vm.specification.name" value="Java Virtual Machine Specification"/>
    <property name="native.encoding" value="US-ASCII"/>
    <property name="java.library.path" value="/Users/admin/Library/Java/Extensions:/Library/Java/Extensions:/Network/Library/Java/Extensions:/System/Library/Java/Extensions:/usr/lib/java:."/>
    <property name="java.vm.info" value="mixed mode, sharing"/>
    <property name="java.vendor" value="Homebrew"/>
    <property name="java.vm.version" value="17.0.2+0"/>
    <property name="sun.io.unicode.encoding" value="UnicodeBig"/>
    <property name="socksNonProxyHosts" value="local|*.local|169.254/16|*.169.254/16"/>
    <property name="java.class.version" value="61.0"/>
  </properties>
  <testcase name="Verify user can add items to each room" classname="Home page functionalities" time="55.904">
    <failure type="org.opentest4j.AssertionFailedError:">org.opentest4j.AssertionFailedError: 
</failure>
    <system-out><![CDATA[
@2E2 @Smoke
Scenario: Verify user can add items to each room                                                         &amp#27;[90m# src/test/resources/features/HomePage.feature:18&amp#27;[0m
Driver is started
  &amp#27;[32mGiven &amp#27;[0m&amp#27;[32muser is on qa environment&amp#27;[0m                                                                        &amp#27;[90m# com.imoving.UI.stepDefs.HomePageSteps.user_is_on_qa_environment()&amp#27;[0m
  &amp#27;[32mGiven &amp#27;[0m&amp#27;[32muser clicks Moving Tab button&amp#27;[0m                                                                    &amp#27;[90m# com.imoving.UI.stepDefs.HomePageSteps.user_clicks_moving_tab_button()&amp#27;[0m
  &amp#27;[32mWhen &amp#27;[0m&amp#27;[32muser select &amp#27;[0m&amp#27;[32m&amp#27;[1m"My Apartment"&amp#27;[0m&amp#27;[32m in What are you moving drop down&amp#27;[0m                                       &amp#27;[90m# com.imoving.UI.stepDefs.HomePageSteps.user_select_in_what_are_you_moving_drop_down(java.lang.String)&amp#27;[0m
  &amp#27;[32mAnd &amp#27;[0m&amp#27;[32muser should select &amp#27;[0m&amp#27;[32m&amp#27;[1m"1 Bedroom (600-900 sq ft)"&amp#27;[0m&amp#27;[32m in Move Size drop down&amp#27;[0m                              &amp#27;[90m# com.imoving.UI.stepDefs.HomePageSteps.user_should_select_in_move_size_drop_down(java.lang.String)&amp#27;[0m
  &amp#27;[32mThen &amp#27;[0m&amp#27;[32muser should click on Compare Quotas button&amp#27;[0m                                                        &amp#27;[90m# com.imoving.UI.stepDefs.HomePageSteps.user_should_click_on_compare_quotas_button()&amp#27;[0m
  &amp#27;[32mThen &amp#27;[0m&amp#27;[32m&amp#27;[0m&amp#27;[32m&amp#27;[1m"These are recommended rooms for a"&amp#27;[0m&amp#27;[32m pop up should appear&amp#27;[0m                                          &amp#27;[90m# com.imoving.UI.stepDefs.HomePageSteps.pop_up_should_appear(java.lang.String)&amp#27;[0m
  &amp#27;[32mThen &amp#27;[0m&amp#27;[32muser clicks on Continue button in These are recommended rooms for a page&amp#27;[0m                          &amp#27;[90m# com.imoving.UI.stepDefs.HomePageSteps.user_clicks_on_continue_button_in_these_are_recommended_rooms_for_a_page()&amp#27;[0m
  &amp#27;[32mThen &amp#27;[0m&amp#27;[32mBoxes pop up should appear with &amp#27;[0m&amp#27;[32m&amp#27;[1m"GOT IT"&amp#27;[0m&amp#27;[32m button&amp#27;[0m                                                   &amp#27;[90m# com.imoving.UI.stepDefs.HomePageSteps.boxes_pop_up_should_appear_with_button(java.lang.String)&amp#27;[0m
  &amp#27;[32mWhen &amp#27;[0m&amp#27;[32muser clicks on GOT IT button in boxes pop up&amp#27;[0m                                                      &amp#27;[90m# com.imoving.UI.stepDefs.HomePageSteps.user_clicks_on_got_it_button_in_boxes_pop_up()&amp#27;[0m
  &amp#27;[32mThen &amp#27;[0m&amp#27;[32muser should see hint &amp#27;[0m&amp#27;[32m&amp#27;[1m"Here you can see all your rooms and start moving!"&amp#27;[0m                          &amp#27;[90m# com.imoving.UI.stepDefs.HomePageSteps.user_should_see_hint(java.lang.String)&amp#27;[0m
  &amp#27;[32mWhen &amp#27;[0m&amp#27;[32muser clicks to next button in Here you can see all your rooms and start moving&amp#27;[0m                    &amp#27;[90m# com.imoving.UI.stepDefs.HomePageSteps.user_clicks_to_next_button_in_here_you_can_see_all_your_rooms_and_start_moving()&amp#27;[0m
  &amp#27;[32mThen &amp#27;[0m&amp#27;[32muser see &amp#27;[0m&amp#27;[32m&amp#27;[1m"Here you can see inventory items for selected room!"&amp#27;[0m&amp#27;[32m hint&amp#27;[0m                               &amp#27;[90m# com.imoving.UI.stepDefs.HomePageSteps.user_see_hint(java.lang.String)&amp#27;[0m
  &amp#27;[32mThen &amp#27;[0m&amp#27;[32muser should click next button in Here you can see inventory items for selected room!&amp#27;[0m              &amp#27;[90m# com.imoving.UI.stepDefs.HomePageSteps.user_should_click_next_button_in_here_you_can_see_inventory_items_for_selected_room()&amp#27;[0m
  &amp#27;[32mThen &amp#27;[0m&amp#27;[32muser should see &amp#27;[0m&amp#27;[32m&amp#27;[1m"Press this button to save choosed items and move to the next room!"&amp#27;[0m              &amp#27;[90m# com.imoving.UI.stepDefs.HomePageSteps.user_should_see(java.lang.String)&amp#27;[0m
  &amp#27;[32mThen &amp#27;[0m&amp#27;[32muser should click ok button in Press this button to save choosed items and move to the next room!&amp#27;[0m &amp#27;[90m# com.imoving.UI.stepDefs.HomePageSteps.user_should_click_ok_button_in_press_this_button_to_save_choosed_items_and_move_to_the_next_room()&amp#27;[0m
  &amp#27;[32mThen &amp#27;[0m&amp#27;[32muser should click add to inventory sofa in living room&amp#27;[0m                                            &amp#27;[90m# com.imoving.UI.stepDefs.HomePageSteps.user_should_click_add_to_inventory_sofa_in_living_room()&amp#27;[0m
  &amp#27;[32mThen &amp#27;[0m&amp#27;[32muser should click add to inventory TV in Living room&amp#27;[0m                                              &amp#27;[90m# com.imoving.UI.stepDefs.HomePageSteps.user_should_click_add_to_inventory_tv_in_living_room()&amp#27;[0m
  &amp#27;[32mThen &amp#27;[0m&amp#27;[32muser should click to save and go to next in Living room&amp#27;[0m                                           &amp#27;[90m# com.imoving.UI.stepDefs.HomePageSteps.user_should_click_to_save_and_go_to_next_in_living_room()&amp#27;[0m
  &amp#27;[32mThen &amp#27;[0m&amp#27;[32muser should click add to inventory Kitchen/Dining Chairs in Dining room&amp#27;[0m                           &amp#27;[90m# com.imoving.UI.stepDefs.HomePageSteps.user_should_click_add_to_inventory_kitchen_dining_chairs_in_dining_room()&amp#27;[0m
  &amp#27;[32mThen &amp#27;[0m&amp#27;[32muser should click add to inventory Kitchen/Dining Table in Dining room&amp#27;[0m                            &amp#27;[90m# com.imoving.UI.stepDefs.HomePageSteps.user_should_click_add_to_inventory_kitchen_dining_table_in_dining_room()&amp#27;[0m
  &amp#27;[32mThen &amp#27;[0m&amp#27;[32muser should click to save and go to next in Dining room&amp#27;[0m                                           &amp#27;[90m# com.imoving.UI.stepDefs.HomePageSteps.user_should_click_to_save_and_go_to_next_in_dining_room()&amp#27;[0m
  &amp#27;[32mThen &amp#27;[0m&amp#27;[32muser should click add to inventory Kitchen/Dining Chairs in Kitchen&amp#27;[0m                               &amp#27;[90m# com.imoving.UI.stepDefs.HomePageSteps.user_should_click_add_to_inventory_kitchen_dining_chairs_in_kitchen()&amp#27;[0m
  &amp#27;[32mThen &amp#27;[0m&amp#27;[32muser should click add to inventory Kitchen/Dining Table in Kitchen&amp#27;[0m                                &amp#27;[90m# com.imoving.UI.stepDefs.HomePageSteps.user_should_click_add_to_inventory_kitchen_dining_table_in_kitchen()&amp#27;[0m
  &amp#27;[32mThen &amp#27;[0m&amp#27;[32muser should click to save and go to next in Kitchen&amp#27;[0m                                               &amp#27;[90m# com.imoving.UI.stepDefs.HomePageSteps.user_should_click_to_save_and_go_to_next_in_kitchen()&amp#27;[0m
  &amp#27;[32mThen &amp#27;[0m&amp#27;[32muser should click add to inventory dresser in Bedroom&amp#27;[0m                                             &amp#27;[90m# com.imoving.UI.stepDefs.HomePageSteps.user_should_click_add_to_inventory_dresser_in_bedroom()&amp#27;[0m
  &amp#27;[32mThen &amp#27;[0m&amp#27;[32muser should click add to inventory bed in Bedroom&amp#27;[0m                                                 &amp#27;[90m# com.imoving.UI.stepDefs.HomePageSteps.user_should_click_add_to_inventory_bed_in_bedroom()&amp#27;[0m
  &amp#27;[32mThen &amp#27;[0m&amp#27;[32muser should click to save and go to next in Bedroom&amp#27;[0m                                               &amp#27;[90m# com.imoving.UI.stepDefs.HomePageSteps.user_should_click_to_save_and_go_to_next_in_bedroom()&amp#27;[0m
  &amp#27;[32mThen &amp#27;[0m&amp#27;[32muser should see Box Calculator text&amp#27;[0m                                                               &amp#27;[90m# com.imoving.UI.stepDefs.HomePageSteps.user_should_see_box_calculator_text()&amp#27;[0m
  &amp#27;[32mThen &amp#27;[0m&amp#27;[32muser should click Add and Continue&amp#27;[0m                                                                &amp#27;[90m# com.imoving.UI.stepDefs.HomePageSteps.user_should_click_add_and_continue()&amp#27;[0m
  &amp#27;[31mThen &amp#27;[0m&amp#27;[31muser should see text &amp#27;[0m&amp#27;[31m&amp#27;[1m"You finished your inventory list."&amp#27;[0m                                          &amp#27;[90m# com.imoving.UI.stepDefs.HomePageSteps.user_should_see_text(java.lang.String)&amp#27;[0m
      &amp#27;[31morg.opentest4j.AssertionFailedError
	at org.junit.jupiter.api.AssertionUtils.fail(AssertionUtils.java:35)
	at org.junit.jupiter.api.Assertions.fail(Assertions.java:115)
	at com.imoving.UI.stepDefs.HomePageSteps.user_should_see_text(HomePageSteps.java:217)
	at ���.user should see text "You finished your inventory list."(file:///Users/admin/IdeaProjects/IMOVING/src/test/resources/features/HomePage.feature:47)
&amp#27;[0m
  &amp#27;[36mAnd &amp#27;[0m&amp#27;[36muser should enter zip code or adress to pick up from field&amp#27;[0m                                         &amp#27;[90m# com.imoving.UI.stepDefs.HomePageSteps.user_should_enter_zip_code_or_adress_to_pick_up_from_field()&amp#27;[0m
  &amp#27;[36mThen &amp#27;[0m&amp#27;[36muser should increase flight of stairs to &amp#27;[0m&amp#27;[36m&amp#27;[1m10&amp#27;[0m                                                       &amp#27;[90m# com.imoving.UI.stepDefs.HomePageSteps.user_should_increase_flight_of_stairs_to(int)&amp#27;[0m
  &amp#27;[36mAnd &amp#27;[0m&amp#27;[36muser should increase long carry foot to &amp#27;[0m&amp#27;[36m&amp#27;[1m5&amp#27;[0m                                                          &amp#27;[90m# com.imoving.UI.stepDefs.HomePageSteps.user_should_increase_long_carry_foot_to(int)&amp#27;[0m
  &amp#27;[36mThen &amp#27;[0m&amp#27;[36muser should switch elevator to yes&amp#27;[0m                                                                &amp#27;[90m# com.imoving.UI.stepDefs.HomePageSteps.user_should_switch_elevator_to_yes()&amp#27;[0m
  &amp#27;[36mThen &amp#27;[0m&amp#27;[36muser should switch Need shuttle to yes&amp#27;[0m                                                            &amp#27;[90m# com.imoving.UI.stepDefs.HomePageSteps.user_should_switch_need_shuttle_to_yes()&amp#27;[0m
  &amp#27;[36mThen &amp#27;[0m&amp#27;[36muser should enter address instructions&amp#27;[0m                                                            &amp#27;[90m# com.imoving.UI.stepDefs.HomePageSteps.user_should_enter_address_instructions()&amp#27;[0m
  &amp#27;[36mThen &amp#27;[0m&amp#27;[36muser should click Approve button&amp#27;[0m                                                                  &amp#27;[90m# com.imoving.UI.stepDefs.HomePageSteps.user_should_click_approve_button()&amp#27;[0m
  &amp#27;[36mThen &amp#27;[0m&amp#27;[36muser should enter zip code or adress to Dropp of at field&amp#27;[0m                                         &amp#27;[90m# com.imoving.UI.stepDefs.HomePageSteps.user_should_enter_zip_code_or_adress_to_dropp_of_at_field()&amp#27;[0m
  &amp#27;[36mThen &amp#27;[0m&amp#27;[36muser should should increase flight of stairs to &amp#27;[0m&amp#27;[36m&amp#27;[1m15&amp#27;[0m                                                &amp#27;[90m# com.imoving.UI.stepDefs.HomePageSteps.user_should_should_increase_flight_of_stairs_to(java.lang.Integer)&amp#27;[0m
  &amp#27;[36mAnd &amp#27;[0m&amp#27;[36muser should increase long carry foot to &amp#27;[0m&amp#27;[36m&amp#27;[1m3&amp#27;[0m&amp#27;[36m at Dropp of at&amp#27;[0m                                           &amp#27;[90m# com.imoving.UI.stepDefs.HomePageSteps.user_should_increase_long_carry_foot_to_at_dropp_of_at(int)&amp#27;[0m
  &amp#27;[36mThen &amp#27;[0m&amp#27;[36muser should switch elevator to yes at Dropp of at&amp#27;[0m                                                 &amp#27;[90m# com.imoving.UI.stepDefs.HomePageSteps.user_should_switch_elevator_to_yes_at_dropp_of_at()&amp#27;[0m
  &amp#27;[36mThen &amp#27;[0m&amp#27;[36muser should switch Need shuttle to yes at Dropp of at&amp#27;[0m                                             &amp#27;[90m# com.imoving.UI.stepDefs.HomePageSteps.user_should_switch_need_shuttle_to_yes_at_dropp_of_at()&amp#27;[0m
  &amp#27;[36mThen &amp#27;[0m&amp#27;[36muser should enter address instructions at Dropp of at&amp#27;[0m                                             &amp#27;[90m# com.imoving.UI.stepDefs.HomePageSteps.user_should_enter_address_instructions_at_dropp_of_at()&amp#27;[0m
  &amp#27;[36mThen &amp#27;[0m&amp#27;[36muser should click Approve button at Dropp of at&amp#27;[0m                                                   &amp#27;[90m# com.imoving.UI.stepDefs.HomePageSteps.user_should_click_approve_button_at_dropp_of_at()&amp#27;[0m
  &amp#27;[36mThen &amp#27;[0m&amp#27;[36muser should choose date&amp#27;[0m                                                                           &amp#27;[90m# com.imoving.UI.stepDefs.HomePageSteps.user_should_choose_date()&amp#27;[0m
  &amp#27;[36mThen &amp#27;[0m&amp#27;[36muser should choose &amp#27;[0m&amp#27;[36m&amp#27;[1m3&amp#27;[0m&amp#27;[36m days for flexible Date&amp#27;[0m                                                       &amp#27;[90m# com.imoving.UI.stepDefs.HomePageSteps.user_should_choose_days_for_flexible_date()&amp#27;[0m
  &amp#27;[36mThen &amp#27;[0m&amp#27;[36muser should choose the first available date in which you are able to receive your items&amp#27;[0m           &amp#27;[90m# com.imoving.UI.stepDefs.HomePageSteps.user_should_choose_the_first_available_date_in_which_you_are_able_to_receive_your_items()&amp#27;[0m
  &amp#27;[36mThen &amp#27;[0m&amp#27;[36muser should click confirm button&amp#27;[0m                                                                  &amp#27;[90m# com.imoving.UI.stepDefs.HomePageSteps.user_should_click_confirm_button()&amp#27;[0m
  &amp#27;[36mThen &amp#27;[0m&amp#27;[36muser should select Full Packing Service&amp#27;[0m                                                           &amp#27;[90m# com.imoving.UI.stepDefs.HomePageSteps.user_should_select_full_packing_service()&amp#27;[0m
  &amp#27;[36mThen &amp#27;[0m&amp#27;[36muser should click Choose Movers button&amp#27;[0m                                                            &amp#27;[90m# com.imoving.UI.stepDefs.HomePageSteps.user_should_click_choose_movers_button()&amp#27;[0m

    Embedding screenshot [image/png 323144 bytes]

]]></system-out>
    <system-err><![CDATA[SLF4J: Failed to load class "org.slf4j.impl.StaticLoggerBinder".
SLF4J: Defaulting to no-operation (NOP) logger implementation
SLF4J: See http://www.slf4j.org/codes.html#StaticLoggerBinder for further details.
Starting ChromeDriver 99.0.4844.51 (d537ec02474b5afe23684e7963d538896c63ac77-refs/branch-heads/4844@{#875}) on port 53240
Only local connections are allowed.
Please see https://chromedriver.chromium.org/security-considerations for suggestions on keeping ChromeDriver safe.
ChromeDriver was started successfully.
???. 21, 2022 12:55:02 PM org.openqa.selenium.remote.ProtocolHandshake createSession
INFO: Detected dialect: W3C
???. 21, 2022 12:55:02 PM org.openqa.selenium.devtools.CdpVersionFinder findNearestMatch
WARNING: Unable to find an exact match for CDP version 99, so returning the closest version found: 96
???. 21, 2022 12:55:02 PM org.openqa.selenium.devtools.CdpVersionFinder findNearestMatch
INFO: Found CDP implementation for version 99 of 96
]]></system-err>
  </testcase>
</testsuite>